7/28/2017 2:47:51 PM	This log contains information about the import schema operation into project 'ClassyDatabase' on computer 'JAVID-TI9768' by user 'javid.mohammed'.
7/28/2017 2:47:51 PM	Import of database schema has started.
7/28/2017 2:47:56 PM	Gathering database options
7/28/2017 2:47:56 PM	Gathering users
7/28/2017 2:47:56 PM	Gathering roles
7/28/2017 2:47:56 PM	Gathering application roles
7/28/2017 2:47:56 PM	Gathering role memberships
7/28/2017 2:47:56 PM	Gathering filegroups
7/28/2017 2:47:56 PM	Gathering full-text catalogs
7/28/2017 2:47:56 PM	Gathering assemblies
7/28/2017 2:47:56 PM	Gathering certificates
7/28/2017 2:47:56 PM	Gathering asymmetric keys
7/28/2017 2:47:56 PM	Gathering symmetric keys
7/28/2017 2:47:56 PM	Gathering encrypted symmetric keys
7/28/2017 2:47:56 PM	Gathering schemas
7/28/2017 2:47:56 PM	Gathering XML schema collections
7/28/2017 2:47:56 PM	Gathering user-defined data types
7/28/2017 2:47:56 PM	Gathering user-defined types
7/28/2017 2:47:56 PM	Gathering table types
7/28/2017 2:47:56 PM	Gathering unique keys for table types
7/28/2017 2:47:56 PM	Gathering primary keys for table types
7/28/2017 2:47:56 PM	Gathering check constraints for table types
7/28/2017 2:47:56 PM	Gathering default constraints for table types
7/28/2017 2:47:56 PM	Gathering partition functions
7/28/2017 2:47:56 PM	Gathering partition schemes
7/28/2017 2:47:56 PM	Gathering functions
7/28/2017 2:47:56 PM	Gathering encrypted functions
7/28/2017 2:47:56 PM	Gathering aggregates
7/28/2017 2:47:56 PM	Gathering procedures
7/28/2017 2:47:56 PM	Gathering encrypted procedures
7/28/2017 2:47:56 PM	Gathering tables
7/28/2017 2:47:56 PM	Gathering primary keys
7/28/2017 2:47:56 PM	Gathering unique constraints
7/28/2017 2:47:56 PM	Gathering foreign keys
7/28/2017 2:47:56 PM	Gathering default constraints
7/28/2017 2:47:56 PM	Gathering check constraints
7/28/2017 2:47:56 PM	Gathering views
7/28/2017 2:47:56 PM	Gathering encrypted views
7/28/2017 2:47:56 PM	Gathering indexes
7/28/2017 2:47:56 PM	Gathering statistics
7/28/2017 2:47:56 PM	Gathering full-text index stoplists
7/28/2017 2:47:56 PM	Gathering search property lists
7/28/2017 2:47:56 PM	Gathering search properties
7/28/2017 2:47:56 PM	Gathering full-text indexes
7/28/2017 2:47:56 PM	Gathering column store indexes
7/28/2017 2:47:56 PM	Gathering spatial indexes
7/28/2017 2:47:56 PM	Gathering XML indexes
7/28/2017 2:47:56 PM	Gathering Selective XML indexes
7/28/2017 2:47:56 PM	Gathering encrypted triggers
7/28/2017 2:47:56 PM	Gathering triggers
7/28/2017 2:47:56 PM	Gathering encrypted and clr ddl triggers
7/28/2017 2:47:56 PM	Gathering ddl triggers
7/28/2017 2:47:56 PM	Gathering synonyms
7/28/2017 2:47:56 PM	Gathering defaults
7/28/2017 2:47:56 PM	Gathering data constraint uddt bindings
7/28/2017 2:47:56 PM	Gathering rules
7/28/2017 2:47:56 PM	Gathering data constraint uddt bindings
7/28/2017 2:47:56 PM	Gathering message types
7/28/2017 2:47:56 PM	Gathering queues
7/28/2017 2:47:56 PM	Gathering contracts
7/28/2017 2:47:56 PM	Gathering services
7/28/2017 2:47:56 PM	Gathering event notifications
7/28/2017 2:47:56 PM	Gathering remote service bindings
7/28/2017 2:47:56 PM	Gathering broker priorities
7/28/2017 2:47:56 PM	Gathering signatures
7/28/2017 2:47:57 PM	Gathering data compression options
7/28/2017 2:47:57 PM	Gathering sequence types
7/28/2017 2:47:57 PM	Gathering extended properties
7/28/2017 2:47:57 PM	Gathering credentials
7/28/2017 2:47:57 PM	Gathering logins
7/28/2017 2:47:57 PM	Gathering server audits
7/28/2017 2:47:57 PM	Scanning project for duplicate elements
7/28/2017 2:47:57 PM	Finished duplicate element processing
7/28/2017 2:47:57 PM	Finished importing database.
7/28/2017 2:47:57 PM	A summary of the import was saved to the following location: D:\MASS MD\Angular2\ClassyMatrimonyWeb\ClassyDatabase\Import Schema Logs\ClassyDatabase_20170728091751.log
7/28/2017 2:47:57 PM	Click Finish to continue...
